<?xml version="1.0" encoding="UTF-8"?>
<!-- Generated by org.testng.reporters.JUnitXMLReporter -->
<testsuite ignored="0" hostname="DESKTOP-A44PTPU" failures="0" tests="3" name="CRM HomePageTest" time="56.535" errors="0" timestamp="2023-05-25T19:39:55 CEST">
  <testcase classname="com.crm.qa.testcases.HomePageTest" name="contactLinkTest" time="3.003"/>
  <testcase classname="com.crm.qa.testcases.HomePageTest" name="verifyHomePageTitle" time="0.014"/>
  <testcase classname="com.crm.qa.testcases.HomePageTest" name="verifyUserNameLabelTxt" time="0.073"/>
</testsuite> <!-- CRM HomePageTest -->
