<?xml version="1.0" encoding="UTF-8"?>
<!-- Generated by org.testng.reporters.JUnitXMLReporter -->
<testsuite ignored="0" hostname="DESKTOP-A44PTPU" failures="0" tests="9" name="CRM" time="190.103" errors="0" timestamp="2023-05-27T01:10:58 CEST">
  <testcase classname="com.crm.qa.testcases.HomePageTest" name="contactLinkTest" time="2.781"/>
  <testcase classname="com.crm.qa.testcases.LoginPageTest" name="crmLogoImageTest" time="0.07"/>
  <testcase classname="com.crm.qa.testcases.LoginPageTest" name="loginPageTitleTest" time="0.017"/>
  <testcase classname="com.crm.qa.testcases.LoginPageTest" name="loginTest" time="9.745"/>
  <testcase classname="com.crm.qa.testcases.HomePageTest" name="verifyHomePageTitle" time="0.017"/>
  <testcase classname="com.crm.qa.testcases.HomePageTest" name="verifyUserNameLabelTxt" time="0.076"/>
  <testcase classname="com.crm.qa.testcases.ContactsPageTest" name="verifyContactLabel" time="0.041"/>
  <testcase classname="com.crm.qa.testcases.ContactsPageTest" name="selectSingleContactTest" time="0.198"/>
  <testcase classname="com.crm.qa.testcases.ContactsPageTest" name="selectMultipleContactTest" time="0.244"/>
</testsuite> <!-- CRM -->
