<?xml version="1.0" encoding="UTF-8"?>
<!-- Generated by org.testng.reporters.JUnitXMLReporter -->
<testsuite ignored="0" hostname="DESKTOP-A44PTPU" failures="0" tests="3" name="CRM LoginTest" time="36.024" errors="0" timestamp="2023-05-25T19:38:58 CEST">
  <testcase classname="com.crm.qa.testcases.LoginPageTest" name="crmLogoImageTest" time="0.058"/>
  <testcase classname="com.crm.qa.testcases.LoginPageTest" name="loginPageTitleTest" time="0.011"/>
  <testcase classname="com.crm.qa.testcases.LoginPageTest" name="loginTest" time="9.812"/>
</testsuite> <!-- CRM LoginTest -->
